2024-12-02 22:37:49:3749 [31merror[39m: [31mThis is an error log[39m
2024-12-02 22:37:49:3749 [33mwarn[39m: [33mThis is a warn log[39m
2024-12-02 22:37:49:3749 [32minfo[39m: [32mThis is a info log[39m
2024-12-02 22:37:49:3749 [35mhttp[39m: [35mThis is a http log[39m
2024-12-02 22:37:49:3749 [37mdebug[39m: [37mThis is a debug log[39m
2024-12-02 22:39:32:3932 [31merror[39m: [31mThis is an error log[39m
2024-12-02 22:39:32:3932 [33mwarn[39m: [33mThis is a warn log[39m
2024-12-02 22:39:32:3932 [32minfo[39m: [32mThis is a info log[39m
2024-12-02 22:39:32:3932 [35mhttp[39m: [35mThis is a http log[39m
2024-12-02 22:39:32:3932 [37mdebug[39m: [37mThis is a debug log[39m
2024-12-02 22:39:32:3932 [35mhttp[39m: [35mGET /logger 304 - - 4.847 ms[39m
[35m[39m
2024-12-02 23:17:35:1735 [32minfo[39m: [32mServer is running on port 3000[39m
2024-12-03 09:08:39:839 [32minfo[39m: [32mServer is running on port 3000[39m
2024-12-03 09:08:42:842 [35mhttp[39m: [35mPOST /auth/login 401 28 - 92.116 ms[39m
[35m[39m
2024-12-03 09:11:47:1147 [35mhttp[39m: [35mPOST /auth/login 401 28 - 32.478 ms[39m
[35m[39m
2024-12-03 09:11:49:1149 [35mhttp[39m: [35mPOST /auth/register 400 873 - 87.657 ms[39m
[35m[39m
2024-12-03 09:12:49:1249 [35mhttp[39m: [35mPOST /auth/register 200 437 - 229.497 ms[39m
[35m[39m
2024-12-03 09:14:03:143 [32minfo[39m: [32mServer is running on port 3000[39m
2024-12-03 09:16:26:1626 [32minfo[39m: [32mServer is running on port 3000[39m
2024-12-03 10:28:53:2853 [32minfo[39m: [32mServer is running on port 3000[39m
2024-12-03 13:03:46:346 [35mhttp[39m: [35mPOST /auth/register 200 466 - 331.503 ms[39m
[35m[39m
2024-12-03 13:06:43:643 [32minfo[39m: [32mServer is running on port 3000[39m
2024-12-03 13:08:17:817 [32minfo[39m: [32mServer is running on port 3000[39m
2024-12-03 13:13:16:1316 [32minfo[39m: [32mServer is running on port 3000[39m
2024-12-03 13:13:18:1318 [35mhttp[39m: [35mPOST /auth/login 400 101 - 14.263 ms[39m
[35m[39m
2024-12-03 13:13:24:1324 [35mhttp[39m: [35mPOST /auth/login 401 1505 - 79.881 ms[39m
[35m[39m
2024-12-03 13:14:15:1415 [32minfo[39m: [32mServer is running on port 3000[39m
2024-12-03 13:14:18:1418 [35mhttp[39m: [35mPOST /auth/login 401 47 - 163.523 ms[39m
[35m[39m
2024-12-03 13:14:32:1432 [35mhttp[39m: [35mPOST /auth/login 200 883 - 121.786 ms[39m
[35m[39m
2024-12-03 13:25:57:2557 [32minfo[39m: [32mServer is running on port 3000[39m
2024-12-03 14:01:03:13 [32minfo[39m: [32mServer is running on port 3000[39m
2024-12-03 15:20:52:2052 [32minfo[39m: [32mServer is running on port 3000[39m
2024-12-03 15:22:00:220 [35mhttp[39m: [35mGET / 404 139 - 1.565 ms[39m
[35m[39m
2024-12-03 15:22:01:221 [35mhttp[39m: [35mGET /admin 404 144 - 0.392 ms[39m
[35m[39m
2024-12-03 15:22:27:2227 [32minfo[39m: [32mServer is running on port 3000[39m
2024-12-03 15:24:04:244 [32minfo[39m: [32mServer is running on port 3000[39m
2024-12-03 15:25:21:2521 [32minfo[39m: [32mServer is running on port 3000[39m
2024-12-03 15:26:20:2620 [32minfo[39m: [32mServer is running on port 3000[39m
2024-12-03 15:27:13:2713 [32minfo[39m: [32mServer is running on port 3000[39m
2024-12-03 15:28:32:2832 [32minfo[39m: [32mServer is running on port 3000[39m
2024-12-03 15:42:38:4238 [32minfo[39m: [32mServer is running on port 3000[39m
2024-12-03 15:44:39:4439 [32minfo[39m: [32mServer is running on port 3000[39m
2024-12-03 15:45:02:452 [32minfo[39m: [32mServer is running on port 3000[39m
2024-12-03 15:45:05:455 [32minfo[39m: [32mServer is running on port 3000[39m
2024-12-03 15:45:53:4553 [32minfo[39m: [32mServer is running on port 3000[39m
2024-12-03 15:45:55:4555 [32minfo[39m: [32mServer is running on port 3000[39m
2024-12-03 15:45:59:4559 [32minfo[39m: [32mServer is running on port 3000[39m
2024-12-03 15:46:21:4621 [35mhttp[39m: [35mPOST /auth/login 401 47 - 241.509 ms[39m
[35m[39m
2024-12-03 15:46:30:4630 [35mhttp[39m: [35mPOST /auth/login 200 935 - 133.295 ms[39m
[35m[39m
2024-12-03 15:47:10:4710 [35mhttp[39m: [35mPOST /auth/register 400 51 - 33.063 ms[39m
[35m[39m
2024-12-03 15:48:13:4813 [32minfo[39m: [32mServer is running on port 3000[39m
2024-12-03 15:49:52:4952 [32minfo[39m: [32mServer is running on port 3000[39m
2024-12-03 15:49:56:4956 [32minfo[39m: [32mServer is running on port 3000[39m
2024-12-03 15:50:23:5023 [35mhttp[39m: [35mGET /management/users 401 31 - 1.318 ms[39m
[35m[39m
2024-12-03 15:50:41:5041 [35mhttp[39m: [35mPOST /auth/login 401 45 - 75.196 ms[39m
[35m[39m
2024-12-03 15:50:55:5055 [35mhttp[39m: [35mPOST /auth/login 200 935 - 164.445 ms[39m
[35m[39m
2024-12-03 15:51:47:5147 [35mhttp[39m: [35mGET /management/users 403 23 - 4.725 ms[39m
[35m[39m
2024-12-03 15:53:46:5346 [35mhttp[39m: [35mGET /management/users 403 23 - 2.752 ms[39m
[35m[39m
2024-12-03 15:54:29:5429 [32minfo[39m: [32mServer is running on port 3000[39m
2024-12-03 15:54:31:5431 [35mhttp[39m: [35mGET /management/users 200 1023 - 159.836 ms[39m
[35m[39m
2024-12-03 15:57:23:5723 [32minfo[39m: [32mServer is running on port 3000[39m
2024-12-03 16:06:23:623 [35mhttp[39m: [35mGET /management/users 403 23 - 3.198 ms[39m
[35m[39m
2024-12-03 16:13:55:1355 [35mhttp[39m: [35mPOST /auth/register 200 42 - 237.040 ms[39m
[35m[39m
2024-12-03 16:15:00:150 [35mhttp[39m: [35mPOST /auth/login 401 45 - 25.918 ms[39m
[35m[39m
2024-12-03 16:15:10:1510 [35mhttp[39m: [35mPOST /auth/login 200 3316 - 128.023 ms[39m
[35m[39m
2024-12-03 16:15:32:1532 [35mhttp[39m: [35mGET /management/users 200 534 - 147.494 ms[39m
[35m[39m
2024-12-03 16:16:20:1620 [35mhttp[39m: [35mGET /management/menus 200 45 - 101.446 ms[39m
[35m[39m
2024-12-03 16:51:02:512 [32minfo[39m: [32mCreated 10 faker posts[39m
2024-12-03 16:52:41:5241 [32minfo[39m: [32mCreated 10 faker posts[39m
2024-12-03 16:54:03:543 [32minfo[39m: [32mCreated 10 faker posts[39m
2024-12-03 16:54:42:5442 [32minfo[39m: [32mCreated 200 faker posts[39m
2024-12-03 16:58:11:5811 [32minfo[39m: [32mDeleted all posts[39m
2024-12-03 17:01:59:159 [32minfo[39m: [32mCreated 200 faker posts[39m
2024-12-03 17:02:50:250 [32minfo[39m: [32mDeleted all posts[39m
2024-12-03 17:07:03:73 [32minfo[39m: [32mCreated 100 faker posts[39m
2024-12-03 17:08:29:829 [32minfo[39m: [32mCreated 10 faker posts[39m
2024-12-03 17:09:39:939 [32minfo[39m: [32mServer is running on port 3000[39m
2024-12-03 17:16:37:1637 [32minfo[39m: [32mServer is running on port 3000[39m
2024-12-03 17:16:40:1640 [32minfo[39m: [32mServer is running on port 3000[39m
2024-12-03 17:17:07:177 [32minfo[39m: [32mServer is running on port 3000[39m
2024-12-03 17:17:24:1724 [32minfo[39m: [32mServer is running on port 3000[39m
2024-12-03 17:17:33:1733 [35mhttp[39m: [35mGET /posts 404 144 - 2.583 ms[39m
[35m[39m
2024-12-03 17:18:53:1853 [32minfo[39m: [32mServer is running on port 3000[39m
2024-12-03 17:18:58:1858 [35mhttp[39m: [35mGET /posts 404 144 - 7.594 ms[39m
[35m[39m
2024-12-03 17:19:59:1959 [32minfo[39m: [32mServer is running on port 3000[39m
2024-12-03 17:20:05:205 [35mhttp[39m: [35mGET /posts 404 144 - 6.206 ms[39m
[35m[39m
2024-12-03 17:20:26:2026 [32minfo[39m: [32mServer is running on port 3000[39m
2024-12-03 17:20:42:2042 [35mhttp[39m: [35mGET /posts 404 144 - 1.306 ms[39m
[35m[39m
2024-12-03 17:20:53:2053 [35mhttp[39m: [35mGET /posts?page=1&pageSize=10 404 144 - 0.673 ms[39m
[35m[39m
2024-12-03 17:21:13:2113 [32minfo[39m: [32mServer is running on port 3000[39m
2024-12-03 17:21:26:2126 [32minfo[39m: [32mServer is running on port 3000[39m
2024-12-03 17:21:38:2138 [32minfo[39m: [32mServer is running on port 3000[39m
2024-12-03 17:22:59:2259 [32minfo[39m: [32mServer is running on port 3000[39m
2024-12-03 17:23:04:234 [32minfo[39m: [32mfindPosts params: {"page":1,"pageSize":10}[39m
2024-12-03 17:23:04:234 [35mhttp[39m: [35mGET /post/list?page=1&pageSize=10 200 3338 - 113.132 ms[39m
[35m[39m
2024-12-03 17:23:31:2331 [32minfo[39m: [32mServer is running on port 3000[39m
2024-12-03 17:23:35:2335 [32minfo[39m: [32mServer is running on port 3000[39m
2024-12-03 17:23:39:2339 [32minfo[39m: [32mfindPosts params: {"page":1,"pageSize":10}[39m
2024-12-03 17:23:48:2348 [32minfo[39m: [32mServer is running on port 3000[39m
2024-12-03 17:23:52:2352 [32minfo[39m: [32mfindPosts params: {"page":1,"pageSize":10}[39m
2024-12-03 17:24:13:2413 [32minfo[39m: [32mServer is running on port 3000[39m
2024-12-03 17:24:17:2417 [32minfo[39m: [32mfindPosts params: {"page":1,"pageSize":10}[39m
2024-12-03 17:24:17:2417 [35mhttp[39m: [35mGET /post/list?page=1&pageSize=10 200 6444 - 83.538 ms[39m
[35m[39m
2024-12-03 17:24:26:2426 [32minfo[39m: [32mServer is running on port 3000[39m
2024-12-03 17:24:29:2429 [32minfo[39m: [32mfindPosts params: {"page":1,"pageSize":10}[39m
2024-12-03 17:24:29:2429 [35mhttp[39m: [35mGET /post/list?page=1&pageSize=10 200 3338 - 110.219 ms[39m
[35m[39m
2024-12-03 17:24:36:2436 [32minfo[39m: [32mfindPosts params: {"page":1,"pageSize":10}[39m
2024-12-03 17:24:36:2436 [35mhttp[39m: [35mGET /post/list?page=1&pageSize=10 304 - - 24.299 ms[39m
[35m[39m
2024-12-03 17:25:08:258 [32minfo[39m: [32mServer is running on port 3000[39m
2024-12-03 17:25:39:2539 [32minfo[39m: [32mServer is running on port 3000[39m
2024-12-03 17:30:48:3048 [32minfo[39m: [32mServer is running on port 3000[39m
2024-12-03 17:40:08:408 [32minfo[39m: [32mServer is running on port 3000[39m
2024-12-03 17:40:39:4039 [32minfo[39m: [32mServer is running on port 3000[39m
2024-12-03 17:42:05:425 [32minfo[39m: [32mServer is running on port 3000[39m
2024-12-03 17:42:34:4234 [32minfo[39m: [32mServer is running on port 3000[39m
2024-12-03 17:43:32:4332 [32minfo[39m: [32mServer is running on port 3000[39m
2024-12-03 17:45:35:4535 [32minfo[39m: [32mServer is running on port 3000[39m
2024-12-03 17:46:03:463 [35mhttp[39m: [35mGET /post 200 7109 - 102.944 ms[39m
[35m[39m
